<?xml version="1.0" encoding="UTF-8"?>
<testng-results ignored="0" total="2" passed="2" failed="0" skipped="0">
  <reporter-output>
  </reporter-output>
  <suite started-at="2022-03-16T19:25:53 IST" name="Default suite" finished-at="2022-03-16T19:26:06 IST" duration-ms="13215">
    <groups>
    </groups>
    <test started-at="2022-03-16T19:25:53 IST" name="Default test" finished-at="2022-03-16T19:26:06 IST" duration-ms="13215">
      <class name="RestTesting.E_Commerce">
        <test-method signature="signup()[pri:0, instance:RestTesting.E_Commerce@a3d8174]" started-at="2022-03-16T19:25:53 IST" name="signup" finished-at="2022-03-16T19:26:02 IST" duration-ms="8953" status="PASS">
          <reporter-output>
          </reporter-output>
        </test-method> <!-- signup -->
        <test-method signature="Login()[pri:1, instance:RestTesting.E_Commerce@a3d8174]" started-at="2022-03-16T19:26:02 IST" name="Login" finished-at="2022-03-16T19:26:06 IST" duration-ms="4126" status="PASS">
          <reporter-output>
          </reporter-output>
        </test-method> <!-- Login -->
      </class> <!-- RestTesting.E_Commerce -->
    </test> <!-- Default test -->
  </suite> <!-- Default suite -->
</testng-results>
